

HI-TECH Software PIC Macro Assembler V9.82 build 9453 
                                                                                                           Fri Nov 27 10:27:16 2020


     1                           
     2                           	; HI-TECH C Compiler for PIC10/12/16 MCUs V9.82
     3                           	; Copyright (C) 1984-2011 HI-TECH Software
     4                           	;Licensed for evaluation purposes only.
     5                           	;This licence will expire on Sat, 02 Jan 2021
     6                           
     7                           	; Auto-generated runtime startup code for prelink stage.
     8                           
     9                           	;
    10                           	; Compiler options:
    11                           	;
    12                           	; -M --MODE=PRO --chip=16F84A LEDCode.c
    13                           	;
    14                           
    15                           
    16                           	processor	16F84A
    17                           
    18                           	global	_main,start,_exit,reset_vec
    19                           	fnroot	_main
    20                           	psect	config,class=CONFIG,delta=2
    21                           	psect	idloc,class=IDLOC,delta=2
    22                           	psect	code,class=CODE,delta=2
    23                           	psect	powerup,class=CODE,delta=2
    24                           	psect	reset_vec,class=CODE,delta=2
    25                           	psect	maintext,class=CODE,delta=2
    26  0000                     	C	set	0
    27  0002                     	Z	set	2
    28  0002                     	PCL	set	2
    29  0000                     	INDF	set	0
    30                           
    31  0003                     	STATUS	equ	3
    32  000A                     	PCLATH	equ	0Ah
    33                           
    34                           	psect	eeprom_data,class=EEDATA,delta=2,space=2
    35                           	psect	intentry,class=CODE,delta=2
    36                           	psect	functab,class=CODE,delta=2
    37                           	global	intlevel0,intlevel1,intlevel2, intlevel3, intlevel4, intlevel5
    38  0000'                    intlevel0:
    39  0000'                    intlevel1:
    40  0000'                    intlevel2:
    41  0000'                    intlevel3:
    42  0000'                    intlevel4:
    43  0000'                    intlevel5:
    44                           	psect	init,class=CODE,delta=2
    45                           	psect	cinit,class=CODE,delta=2
    46                           	psect	text,class=CODE,delta=2
    47                           	psect	end_init,class=CODE,delta=2
    48                           	psect	clrtext,class=CODE,delta=2
    49  0004                     	FSR	set	4
    50                           	psect	strings,class=CODE,delta=2,reloc=256
    51                           
    52                           	psect	reset_vec
    53  0000'                    reset_vec:
    54                           	; No powerup routine
    55                           	; No interrupt routine
    56                           
    57                           
    58                           	psect	init
    59  0000'                    start
    60  0000'                    _exit
    61                           	psect	end_init
    62                           	global start_initialization
    63  0000' 2800'              	ljmp start_initialization	;jump to C runtime clear & initialization


HI-TECH Software PICC Macro Assembler V9.82 build 9453 
Symbol Table                                                                                               Fri Nov 27 10:27:16 2020

               _main 0000*                _exit 0000                 start 0000  start_initialization 0000* 
           intlevel0 0000             intlevel1 0000             intlevel2 0000             intlevel3 0000  
           intlevel4 0000             intlevel5 0000             reset_vec 0000  
